# JRE version: 7.0_05-b05
# Java VM: Java HotSpot(TM) 64-Bit Server VM (23.1-b03 mixed mode windows-amd64 compressed oops)
Heap
 PSYoungGen      total 116480K, used 93572K [0x00000000f5560000, 0x0000000000000000, 0x0000000000000000)
  eden space 58240K, 81% used [0x00000000f5560000,0x00000000f83f99d8,0x00000000f8e40000)
  from space 58240K, 78% used [0x00000000f8e40000,0x00000000fbb07a00,0x00000000fc720000)
  to   space 58240K, 0% used [0x00000000fc720000,0x00000000fc720000,0x0000000000000000)
 ParOldGen       total 141248K, used 91638K [0x00000000e0000000, 0x00000000e89f0000, 0x00000000f5560000)
  object space 141248K, 64% used [0x00000000e0000000,0x00000000e597d950,0x00000000e89f0000)
 PSPermGen       total 101888K, used 70792K [0x00000000d0000000, 0x00000000d6380000, 0x00000000e0000000)
  object space 101888K, 69% used [0x00000000d0000000,0x00000000d45220f0,0x00000000d6380000)
GC Heap History (10 events):
Event: 30.953 GC heap before
{Heap before GC invocations=17 (full 2):
 PSYoungGen      total 124480K, used 105664K [0x00000000f5560000, 0x00000000ffec0000, 0x0000000000000000)
  eden space 78720K, 100% used [0x00000000f5560000,0x00000000fa240000,0x00000000fa240000)
  from space 45760K, 58% used [0x00000000fd210000,0x00000000fec60160,0x00000000ffec0000)
  to   space 47360K, 0% used [0x00000000fa240000,0x00000000fa240000,0x00000000fd080000)
 ParOldGen       total 141248K, used 61861K [0x00000000e0000000, 0x00000000e89f0000, 0x00000000f5560000)
  object space 141248K, 43% used [0x00000000e0000000,0x00000000e3c697b8,0x00000000e89f0000)
 PSPermGen       total 101888K, used 52436K [0x00000000d0000000, 0x00000000d6380000, 0x00000000e0000000)
  object space 101888K, 51% used [0x00000000d0000000,0x00000000d33353b0,0x00000000d6380000)
Event: 31.105 GC heap after
Heap after GC invocations=17 (full 2):
 PSYoungGen      total 111168K, used 32397K [0x00000000f5560000, 0x0000000000000000, 0x0000000000000000)
  eden space 78720K, 0% used [0x00000000f5560000,0x00000000f5560000,0x00000000fa240000)
  from space 32448K, 99% used [0x00000000fa240000,0x00000000fc1e3628,0x00000000fc1f0000)
  to   space 49408K, 0% used [0x00000000fcfc0000,0x00000000fcfc0000,0x0000000000000000)
 ParOldGen       total 141248K, used 61861K [0x00000000e0000000, 0x00000000e89f0000, 0x00000000f5560000)
  object space 141248K, 43% used [0x00000000e0000000,0x00000000e3c697b8,0x00000000e89f0000)
 PSPermGen       total 101888K, used 52436K [0x00000000d0000000, 0x00000000d6380000, 0x00000000e0000000)
  object space 101888K, 51% used [0x00000000d0000000,0x00000000d33353b0,0x00000000d6380000)
}
Event: 35.186 GC heap before
{Heap before GC invocations=18 (full 2):
 PSYoungGen      total 111168K, used 111117K [0x00000000f5560000, 0x0000000000000000, 0x0000000000000000)
  eden space 78720K, 100% used [0x00000000f5560000,0x00000000fa240000,0x00000000fa240000)
  from space 32448K, 99% used [0x00000000fa240000,0x00000000fc1e3628,0x00000000fc1f0000)
  to   space 49408K, 0% used [0x00000000fcfc0000,0x00000000fcfc0000,0x0000000000000000)
 ParOldGen       total 141248K, used 61861K [0x00000000e0000000, 0x00000000e89f0000, 0x00000000f5560000)
  object space 141248K, 43% used [0x00000000e0000000,0x00000000e3c697b8,0x00000000e89f0000)
 PSPermGen       total 101888K, used 67183K [0x00000000d0000000, 0x00000000d6380000, 0x00000000e0000000)
  object space 101888K, 65% used [0x00000000d0000000,0x00000000d419be98,0x00000000d6380000)
Event: 35.242 GC heap after
Heap after GC invocations=18 (full 2):
 PSYoungGen      total 111360K, used 47297K [0x00000000f5560000, 0x0000000000000000, 0x0000000000000000)
  eden space 61952K, 0% used [0x00000000f5560000,0x00000000f5560000,0x00000000f91e0000)
  from space 49408K, 95% used [0x00000000fcfc0000,0x00000000ffdf0538,0x0000000000000000)
  to   space 56384K, 0% used [0x00000000f91e0000,0x00000000f91e0000,0x00000000fc8f0000)
 ParOldGen       total 141248K, used 61861K [0x00000000e0000000, 0x00000000e89f0000, 0x00000000f5560000)
  object space 141248K, 43% used [0x00000000e0000000,0x00000000e3c697b8,0x00000000e89f0000)
 PSPermGen       total 101888K, used 67183K [0x00000000d0000000, 0x00000000d6380000, 0x00000000e0000000)
  object space 101888K, 65% used [0x00000000d0000000,0x00000000d419be98,0x00000000d6380000)
}
Event: 36.125 GC heap before
{Heap before GC invocations=19 (full 2):
 PSYoungGen      total 111360K, used 109249K [0x00000000f5560000, 0x0000000000000000, 0x0000000000000000)
  eden space 61952K, 100% used [0x00000000f5560000,0x00000000f91e0000,0x00000000f91e0000)
  from space 49408K, 95% used [0x00000000fcfc0000,0x00000000ffdf0538,0x0000000000000000)
  to   space 56384K, 0% used [0x00000000f91e0000,0x00000000f91e0000,0x00000000fc8f0000)
 ParOldGen       total 141248K, used 61861K [0x00000000e0000000, 0x00000000e89f0000, 0x00000000f5560000)
  object space 141248K, 43% used [0x00000000e0000000,0x00000000e3c697b8,0x00000000e89f0000)
 PSPermGen       total 101888K, used 67269K [0x00000000d0000000, 0x00000000d6380000, 0x00000000e0000000)
  object space 101888K, 66% used [0x00000000d0000000,0x00000000d41b1458,0x00000000d6380000)
Event: 36.206 GC heap after
Heap after GC invocations=19 (full 2):
 PSYoungGen      total 118336K, used 56379K [0x00000000f5560000, 0x0000000000000000, 0x0000000000000000)
  eden space 61952K, 0% used [0x00000000f5560000,0x00000000f5560000,0x00000000f91e0000)
  from space 56384K, 99% used [0x00000000f91e0000,0x00000000fc8eed20,0x00000000fc8f0000)
  to   space 56384K, 0% used [0x00000000fc8f0000,0x00000000fc8f0000,0x0000000000000000)
 ParOldGen       total 141248K, used 70777K [0x00000000e0000000, 0x00000000e89f0000, 0x00000000f5560000)
  object space 141248K, 50% used [0x00000000e0000000,0x00000000e451e420,0x00000000e89f0000)
 PSPermGen       total 101888K, used 67269K [0x00000000d0000000, 0x00000000d6380000, 0x00000000e0000000)
  object space 101888K, 66% used [0x00000000d0000000,0x00000000d41b1458,0x00000000d6380000)
}
Event: 37.422 GC heap before
{Heap before GC invocations=20 (full 2):
 PSYoungGen      total 118336K, used 118331K [0x00000000f5560000, 0x0000000000000000, 0x0000000000000000)
  eden space 61952K, 100% used [0x00000000f5560000,0x00000000f91e0000,0x00000000f91e0000)
  from space 56384K, 99% used [0x00000000f91e0000,0x00000000fc8eed20,0x00000000fc8f0000)
  to   space 56384K, 0% used [0x00000000fc8f0000,0x00000000fc8f0000,0x0000000000000000)
 ParOldGen       total 141248K, used 70777K [0x00000000e0000000, 0x00000000e89f0000, 0x00000000f5560000)
  object space 141248K, 50% used [0x00000000e0000000,0x00000000e451e420,0x00000000e89f0000)
 PSPermGen       total 101888K, used 67816K [0x00000000d0000000, 0x00000000d6380000, 0x00000000e0000000)
  object space 101888K, 66% used [0x00000000d0000000,0x00000000d423a080,0x00000000d6380000)
Event: 37.553 GC heap after
Heap after GC invocations=20 (full 2):
 PSYoungGen      total 114624K, used 55963K [0x00000000f5560000, 0x0000000000000000, 0x0000000000000000)
  eden space 58240K, 0% used [0x00000000f5560000,0x00000000f5560000,0x00000000f8e40000)
  from space 56384K, 99% used [0x00000000fc8f0000,0x00000000fff96e48,0x0000000000000000)
  to   space 58240K, 0% used [0x00000000f8e40000,0x00000000f8e40000,0x00000000fc720000)
 ParOldGen       total 141248K, used 81176K [0x00000000e0000000, 0x00000000e89f0000, 0x00000000f5560000)
  object space 141248K, 57% used [0x00000000e0000000,0x00000000e4f46328,0x00000000e89f0000)
 PSPermGen       total 101888K, used 67816K [0x00000000d0000000, 0x00000000d6380000, 0x00000000e0000000)
  object space 101888K, 66% used [0x00000000d0000000,0x00000000d423a080,0x00000000d6380000)
}
Event: 40.028 GC heap before
{Heap before GC invocations=21 (full 2):
 PSYoungGen      total 114624K, used 114203K [0x00000000f5560000, 0x0000000000000000, 0x0000000000000000)
  eden space 58240K, 100% used [0x00000000f5560000,0x00000000f8e40000,0x00000000f8e40000)
  from space 56384K, 99% used [0x00000000fc8f0000,0x00000000fff96e48,0x0000000000000000)
  to   space 58240K, 0% used [0x00000000f8e40000,0x00000000f8e40000,0x00000000fc720000)
 ParOldGen       total 141248K, used 81176K [0x00000000e0000000, 0x00000000e89f0000, 0x00000000f5560000)
  object space 141248K, 57% used [0x00000000e0000000,0x00000000e4f46328,0x00000000e89f0000)
 PSPermGen       total 101888K, used 69299K [0x00000000d0000000, 0x00000000d6380000, 0x00000000e0000000)
  object space 101888K, 68% used [0x00000000d0000000,0x00000000d43acd68,0x00000000d6380000)
Event: 40.281 GC heap after
Heap after GC invocations=21 (full 2):
 PSYoungGen      total 116480K, used 45854K [0x00000000f5560000, 0x0000000000000000, 0x0000000000000000)
  eden space 58240K, 0% used [0x00000000f5560000,0x00000000f5560000,0x00000000f8e40000)
  from space 58240K, 78% used [0x00000000f8e40000,0x00000000fbb07a00,0x00000000fc720000)
  to   space 58240K, 0% used [0x00000000fc720000,0x00000000fc720000,0x0000000000000000)
 ParOldGen       total 141248K, used 91638K [0x00000000e0000000, 0x00000000e89f0000, 0x00000000f5560000)
  object space 141248K, 64% used [0x00000000e0000000,0x00000000e597d950,0x00000000e89f0000)
 PSPermGen       total 101888K, used 69299K [0x00000000d0000000, 0x00000000d6380000, 0x00000000e0000000)
  object space 101888K, 68% used [0x00000000d0000000,0x00000000d43acd68,0x00000000d6380000)
}

