# JRE version: 7.0_05-b05
# Java VM: Java HotSpot(TM) 64-Bit Server VM (23.1-b03 mixed mode windows-amd64 compressed oops)
Heap
 PSYoungGen      total 144640K, used 71153K [0x00000000f5560000, 0x0000000000000000, 0x0000000000000000)
  eden space 114560K, 35% used [0x00000000f5560000,0x00000000f7d7f660,0x00000000fc540000)
  from space 30080K, 99% used [0x00000000fc540000,0x00000000fe29d038,0x00000000fe2a0000)
  to   space 30080K, 0% used [0x00000000fe2a0000,0x00000000fe2a0000,0x0000000000000000)
 ParOldGen       total 73280K, used 45806K [0x00000000e0000000, 0x00000000e4790000, 0x00000000f5560000)
  object space 73280K, 62% used [0x00000000e0000000,0x00000000e2cbbac0,0x00000000e4790000)
 PSPermGen       total 99136K, used 66551K [0x00000000d0000000, 0x00000000d60d0000, 0x00000000e0000000)
  object space 99136K, 67% used [0x00000000d0000000,0x00000000d40fde40,0x00000000d60d0000)
GC Heap History (10 events):
Event: 4.243 GC heap before
{Heap before GC invocations=6 (full 0):
 PSYoungGen      total 65856K, used 65824K [0x00000000f5560000, 0x00000000fe1e0000, 0x0000000000000000)
  eden space 63232K, 100% used [0x00000000f5560000,0x00000000f9320000,0x00000000f9320000)
  from space 2624K, 98% used [0x00000000f9320000,0x00000000f95a8020,0x00000000f95b0000)
  to   space 8704K, 0% used [0x00000000fd960000,0x00000000fd960000,0x00000000fe1e0000)
 ParOldGen       total 42112K, used 15081K [0x00000000e0000000, 0x00000000e2920000, 0x00000000f5560000)
  object space 42112K, 35% used [0x00000000e0000000,0x00000000e0eba6c0,0x00000000e2920000)
 PSPermGen       total 30272K, used 30140K [0x00000000d0000000, 0x00000000d1d90000, 0x00000000e0000000)
  object space 30272K, 99% used [0x00000000d0000000,0x00000000d1d6f0a8,0x00000000d1d90000)
Event: 4.257 GC heap after
Heap after GC invocations=6 (full 0):
 PSYoungGen      total 134272K, used 5648K [0x00000000f5560000, 0x00000000fe100000, 0x0000000000000000)
  eden space 126464K, 0% used [0x00000000f5560000,0x00000000f5560000,0x00000000fd0e0000)
  from space 7808K, 72% used [0x00000000fd960000,0x00000000fdee4010,0x00000000fe100000)
  to   space 8256K, 0% used [0x00000000fd0e0000,0x00000000fd0e0000,0x00000000fd8f0000)
 ParOldGen       total 42112K, used 15081K [0x00000000e0000000, 0x00000000e2920000, 0x00000000f5560000)
  object space 42112K, 35% used [0x00000000e0000000,0x00000000e0eba6c0,0x00000000e2920000)
 PSPermGen       total 30272K, used 30140K [0x00000000d0000000, 0x00000000d1d90000, 0x00000000e0000000)
  object space 30272K, 99% used [0x00000000d0000000,0x00000000d1d6f0a8,0x00000000d1d90000)
}
Event: 6.772 GC heap before
{Heap before GC invocations=7 (full 0):
 PSYoungGen      total 134272K, used 132112K [0x00000000f5560000, 0x00000000fe100000, 0x0000000000000000)
  eden space 126464K, 100% used [0x00000000f5560000,0x00000000fd0e0000,0x00000000fd0e0000)
  from space 7808K, 72% used [0x00000000fd960000,0x00000000fdee4010,0x00000000fe100000)
  to   space 8256K, 0% used [0x00000000fd0e0000,0x00000000fd0e0000,0x00000000fd8f0000)
 ParOldGen       total 42112K, used 15081K [0x00000000e0000000, 0x00000000e2920000, 0x00000000f5560000)
  object space 42112K, 35% used [0x00000000e0000000,0x00000000e0eba6c0,0x00000000e2920000)
 PSPermGen       total 49472K, used 49453K [0x00000000d0000000, 0x00000000d3050000, 0x00000000e0000000)
  object space 49472K, 99% used [0x00000000d0000000,0x00000000d304b608,0x00000000d3050000)
Event: 6.811 GC heap after
Heap after GC invocations=7 (full 0):
 PSYoungGen      total 134720K, used 8224K [0x00000000f5560000, 0x0000000000000000, 0x0000000000000000)
  eden space 126464K, 0% used [0x00000000f5560000,0x00000000f5560000,0x00000000fd0e0000)
  from space 8256K, 99% used [0x00000000fd0e0000,0x00000000fd8e80d0,0x00000000fd8f0000)
  to   space 20224K, 0% used [0x00000000fec40000,0x00000000fec40000,0x0000000000000000)
 ParOldGen       total 42112K, used 37135K [0x00000000e0000000, 0x00000000e2920000, 0x00000000f5560000)
  object space 42112K, 88% used [0x00000000e0000000,0x00000000e2443ec0,0x00000000e2920000)
 PSPermGen       total 49472K, used 49453K [0x00000000d0000000, 0x00000000d3050000, 0x00000000e0000000)
  object space 49472K, 99% used [0x00000000d0000000,0x00000000d304b608,0x00000000d3050000)
}
Event: 6.811 GC heap before
{Heap before GC invocations=8 (full 1):
 PSYoungGen      total 134720K, used 8224K [0x00000000f5560000, 0x0000000000000000, 0x0000000000000000)
  eden space 126464K, 0% used [0x00000000f5560000,0x00000000f5560000,0x00000000fd0e0000)
  from space 8256K, 99% used [0x00000000fd0e0000,0x00000000fd8e80d0,0x00000000fd8f0000)
  to   space 20224K, 0% used [0x00000000fec40000,0x00000000fec40000,0x0000000000000000)
 ParOldGen       total 42112K, used 37135K [0x00000000e0000000, 0x00000000e2920000, 0x00000000f5560000)
  object space 42112K, 88% used [0x00000000e0000000,0x00000000e2443ec0,0x00000000e2920000)
 PSPermGen       total 49472K, used 49453K [0x00000000d0000000, 0x00000000d3050000, 0x00000000e0000000)
  object space 49472K, 99% used [0x00000000d0000000,0x00000000d304b608,0x00000000d3050000)
Event: 7.050 GC heap after
Heap after GC invocations=8 (full 1):
 PSYoungGen      total 134720K, used 0K [0x00000000f5560000, 0x0000000000000000, 0x0000000000000000)
  eden space 126464K, 0% used [0x00000000f5560000,0x00000000f5560000,0x00000000fd0e0000)
  from space 8256K, 0% used [0x00000000fd0e0000,0x00000000fd0e0000,0x00000000fd8f0000)
  to   space 20224K, 0% used [0x00000000fec40000,0x00000000fec40000,0x0000000000000000)
 ParOldGen       total 73280K, used 31304K [0x00000000e0000000, 0x00000000e4790000, 0x00000000f5560000)
  object space 73280K, 42% used [0x00000000e0000000,0x00000000e1e922b0,0x00000000e4790000)
 PSPermGen       total 99136K, used 49386K [0x00000000d0000000, 0x00000000d60d0000, 0x00000000e0000000)
  object space 99136K, 49% used [0x00000000d0000000,0x00000000d303a9f0,0x00000000d60d0000)
}
Event: 11.499 GC heap before
{Heap before GC invocations=9 (full 1):
 PSYoungGen      total 134720K, used 126464K [0x00000000f5560000, 0x0000000000000000, 0x0000000000000000)
  eden space 126464K, 100% used [0x00000000f5560000,0x00000000fd0e0000,0x00000000fd0e0000)
  from space 8256K, 0% used [0x00000000fd0e0000,0x00000000fd0e0000,0x00000000fd8f0000)
  to   space 20224K, 0% used [0x00000000fec40000,0x00000000fec40000,0x0000000000000000)
 ParOldGen       total 73280K, used 31304K [0x00000000e0000000, 0x00000000e4790000, 0x00000000f5560000)
  object space 73280K, 42% used [0x00000000e0000000,0x00000000e1e922b0,0x00000000e4790000)
 PSPermGen       total 99136K, used 59521K [0x00000000d0000000, 0x00000000d60d0000, 0x00000000e0000000)
  object space 99136K, 60% used [0x00000000d0000000,0x00000000d3a207d8,0x00000000d60d0000)
Event: 11.539 GC heap after
Heap after GC invocations=9 (full 1):
 PSYoungGen      total 134784K, used 20199K [0x00000000f5560000, 0x0000000000000000, 0x0000000000000000)
  eden space 114560K, 0% used [0x00000000f5560000,0x00000000f5560000,0x00000000fc540000)
  from space 20224K, 99% used [0x00000000fec40000,0x00000000ffff9fe8,0x0000000000000000)
  to   space 30080K, 0% used [0x00000000fc540000,0x00000000fc540000,0x00000000fe2a0000)
 ParOldGen       total 73280K, used 45806K [0x00000000e0000000, 0x00000000e4790000, 0x00000000f5560000)
  object space 73280K, 62% used [0x00000000e0000000,0x00000000e2cbbac0,0x00000000e4790000)
 PSPermGen       total 99136K, used 59521K [0x00000000d0000000, 0x00000000d60d0000, 0x00000000e0000000)
  object space 99136K, 60% used [0x00000000d0000000,0x00000000d3a207d8,0x00000000d60d0000)
}
Event: 16.599 GC heap before
{Heap before GC invocations=10 (full 1):
 PSYoungGen      total 134784K, used 134759K [0x00000000f5560000, 0x0000000000000000, 0x0000000000000000)
  eden space 114560K, 100% used [0x00000000f5560000,0x00000000fc540000,0x00000000fc540000)
  from space 20224K, 99% used [0x00000000fec40000,0x00000000ffff9fe8,0x0000000000000000)
  to   space 30080K, 0% used [0x00000000fc540000,0x00000000fc540000,0x00000000fe2a0000)
 ParOldGen       total 73280K, used 45806K [0x00000000e0000000, 0x00000000e4790000, 0x00000000f5560000)
  object space 73280K, 62% used [0x00000000e0000000,0x00000000e2cbbac0,0x00000000e4790000)
 PSPermGen       total 99136K, used 65059K [0x00000000d0000000, 0x00000000d60d0000, 0x00000000e0000000)
  object space 99136K, 65% used [0x00000000d0000000,0x00000000d3f88fa8,0x00000000d60d0000)
Event: 16.640 GC heap after
Heap after GC invocations=10 (full 1):
 PSYoungGen      total 144640K, used 30068K [0x00000000f5560000, 0x0000000000000000, 0x0000000000000000)
  eden space 114560K, 0% used [0x00000000f5560000,0x00000000f5560000,0x00000000fc540000)
  from space 30080K, 99% used [0x00000000fc540000,0x00000000fe29d038,0x00000000fe2a0000)
  to   space 30080K, 0% used [0x00000000fe2a0000,0x00000000fe2a0000,0x0000000000000000)
 ParOldGen       total 73280K, used 45806K [0x00000000e0000000, 0x00000000e4790000, 0x00000000f5560000)
  object space 73280K, 62% used [0x00000000e0000000,0x00000000e2cbbac0,0x00000000e4790000)
 PSPermGen       total 99136K, used 65059K [0x00000000d0000000, 0x00000000d60d0000, 0x00000000e0000000)
  object space 99136K, 65% used [0x00000000d0000000,0x00000000d3f88fa8,0x00000000d60d0000)
}

